<?xml version="1.0" encoding="UTF-8"?>
<!-- Generated by org.testng.reporters.JUnitXMLReporter -->
<testsuite ignored="0" hostname="INL-FCNZG63" failures="0" tests="3" name="Surefire test" time="19.478" errors="0" timestamp="2024-04-05T18:20:11 IST">
  <testcase classname="test.AmazonTest" name="SearchAndClickFirstProduct" time="10.335"/>
  <testcase classname="test.AmazonTest" name="addToCart" time="0.12"/>
  <testcase classname="test.AmazonTest" name="proceedBuy" time="1.89"/>
</testsuite> <!-- Surefire test -->
