<?xml version="1.0" encoding="UTF-8"?>
<testng-results ignored="0" total="3" passed="3" failed="0" skipped="0">
  <reporter-output>
  </reporter-output>
  <suite started-at="2024-04-07T12:13:01 IST" name="Surefire suite" finished-at="2024-04-07T12:13:17 IST" duration-ms="16557">
    <groups>
    </groups>
    <test started-at="2024-04-07T12:13:01 IST" name="Surefire test" finished-at="2024-04-07T12:13:17 IST" duration-ms="16557">
      <class name="test.AmazonTest">
        <test-method is-config="true" signature="setup()[pri:0, instance:test.AmazonTest@3315d2d7]" started-at="2024-04-07T12:13:01 IST" name="setup" finished-at="2024-04-07T12:13:07 IST" duration-ms="6052" status="PASS">
          <reporter-output>
          </reporter-output>
        </test-method> <!-- setup -->
        <test-method signature="SearchAndClickFirstProduct()[pri:0, instance:test.AmazonTest@3315d2d7]" started-at="2024-04-07T12:13:07 IST" name="SearchAndClickFirstProduct" finished-at="2024-04-07T12:13:15 IST" duration-ms="7886" status="PASS">
          <reporter-output>
          </reporter-output>
        </test-method> <!-- SearchAndClickFirstProduct -->
        <test-method signature="addToCart()[pri:1, instance:test.AmazonTest@3315d2d7]" started-at="2024-04-07T12:13:15 IST" name="addToCart" finished-at="2024-04-07T12:13:15 IST" duration-ms="125" status="PASS">
          <reporter-output>
          </reporter-output>
        </test-method> <!-- addToCart -->
        <test-method signature="proceedBuy()[pri:1, instance:test.AmazonTest@3315d2d7]" started-at="2024-04-07T12:13:15 IST" name="proceedBuy" finished-at="2024-04-07T12:13:17 IST" duration-ms="2456" status="PASS">
          <reporter-output>
          </reporter-output>
        </test-method> <!-- proceedBuy -->
      </class> <!-- test.AmazonTest -->
    </test> <!-- Surefire test -->
  </suite> <!-- Surefire suite -->
</testng-results>
